<?xml version="1.0" encoding="UTF-8"?>
<Site BuildName="(empty)"
	BuildStamp="20241115-1324-Experimental"
	Name="einstein-dgon"
	Generator="ctest-3.22.1"
	CompilerName="/usr/bin/g++"
	CompilerVersion="11.4.0"
	OSName="Linux"
	Hostname="einstein-dgon"
	OSRelease="6.8.0-48-generic"
	OSVersion="#48~22.04.1-Ubuntu SMP PREEMPT_DYNAMIC Mon Oct  7 11:24:13 UTC 2"
	OSPlatform="x86_64"
	Is64Bits="1"
	VendorString="GenuineIntel"
	VendorID="Intel Corporation"
	FamilyID="6"
	ModelID="140"
	ProcessorCacheSize="8192"
	NumberOfLogicalCPU="8"
	NumberOfPhysicalCPU="4"
	TotalVirtualMemory="2047"
	TotalPhysicalMemory="15777"
	LogicalProcessorsPerPhysical="2"
	ProcessorClockFrequency="695.055"
	>
	<Testing>
		<StartDateTime>Nov 15 17:35 EAT</StartDateTime>
		<StartTestTime>1731681300</StartTestTime>
		<TestList/>
		<EndDateTime>Nov 15 17:35 EAT</EndDateTime>
		<EndTestTime>1731681300</EndTestTime>
		<ElapsedMinutes>0</ElapsedMinutes>
	</Testing>
</Site>
